//-------------------------- 9/30/2013 -- 14:40:34 -----
System & Processor Information:
   MacOS version: 10.7.5
   CarbonLib version: 1.6.0
   Physical RAM: 2047MB
   Logical RAM: 2047MB
Unknown Getstalt value for processor type: 0x78ea4fbc
platform layer should be changed to use sysctl() instead of Gestalt() .
   Unknown Processor, assuming x86 Compatible, 2147 Mhz
   FPU detected
 
Math Init:
   Installing Standard C extensions
 
Input Init:

Video Init:
  active displays = 0xb110c0  CGDisplayID = 0x4272580
using display 0xb110c0
   Accelerated OpenGL display device detected.

Initializing chunk mappings...
   o 'TEXT' maps to TextChunk
   o 'SCHK' maps to UnknownChunk
   o 'SCHK' maps to SimChunk
Loading compiled script /Users/Robert/Desktop/HandDrawn/common/main.cs.
Loading compiled script /Users/Robert/Desktop/HandDrawn/game/main.cs.
Loading compiled script /Users/Robert/Desktop/HandDrawn/mods/main.cs.
Illegal CodeBlock path detected (no mod directory): main.cs
 % - Initializing Common
Loading compiled script /Users/Robert/Desktop/HandDrawn/common/preferences/defaultPrefs.cs.
common/preferences/defaultPrefs.cs (84): Unable to find function initDisplayDeviceInfo

Using OpenGL rendering. Fullscreen: 0

Loading compiled script /Users/Robert/Desktop/HandDrawn/common/gameScripts/xml.cs.
Loading compiled script /Users/Robert/Desktop/HandDrawn/common/gameScripts/properties.cs.
Loading compiled script /Users/Robert/Desktop/HandDrawn/common/gameScripts/common.cs.
Loading compiled script /Users/Robert/Desktop/HandDrawn/common/gameScripts/audio.cs.
Loading compiled script /Users/Robert/Desktop/HandDrawn/common/gameScripts/canvas.cs.
Loading compiled script /Users/Robert/Desktop/HandDrawn/common/gameScripts/cursor.cs.
Binding server port to default IP
UDP initialized on port 0
Activating the OpenGL display device...
 OpenGLDevice activating...
OpenGL driver information:
  Vendor: NVIDIA Corporation
  Renderer: NVIDIA GeForce 9400 OpenGL Engine
  Version: 2.1 NVIDIA-7.32.12
OpenGL Init: Enabled Extensions
  ARB_multitexture (Max Texture Units: 8)
  EXT_blend_color
  EXT_blend_minmax
  EXT_compiled_vertex_array
  EXT_texture_env_combine
  EXT_packed_pixels
  EXT_fog_coord
  ARB_texture_compression
  EXT_texture_compression_s3tc
  (ARB|EXT)_texture_env_add
  EXT_texture_filter_anisotropic (Max anisotropy: 16.000000)
  Vertical Sync
  ATI_FSAA
OpenGL Init: Disabled Extensions
  EXT_paletted_texture
  NV_vertex_array_range
  3DFX_texture_compression_FXT1

 set screen mode 320 x 320 x 32, windowed, force it, dont repaint
Cleaning up the display device...
Killing the texture manager...
Clearing the current AGL context...
Clearing the current drawable...
Deleting the rendering context...
>> Attempting to change display settings to windowed 320x320x32...
using display 0xb110c0
Set up AGL windowed support
Cleared gl buffers
>>Number of FSAA samples is now [1].
Resurrecting the texture manager...
Max Texture Size reported as: 8192
 set screen mode 800 x 600 x 32, windowed, dont force it, repaint
Cleaning up the display device...
Killing the texture manager...
Clearing the current AGL context...
Clearing the current drawable...
Deleting the rendering context...
Destroying the window...
>> Attempting to change display settings to windowed 800x600x32...
using display 0xb110c0
Set up AGL windowed support
Cleared gl buffers
>>Number of FSAA samples is now [1].
Resurrecting the texture manager...
OpenAL Driver Init:
   Vendor: Apple Computer Inc.
   Version: 1.1
   Renderer: Software
   Extensions: AL_EXT_OFFSET AL_EXT_LINEAR_DISTANCE AL_EXT_EXPONENT_DISTANCE AL_EXT_float32 AL_EXT_STATIC_BUFFER AL_EXT_SOURCE_NOTIFICATIONS

Loading compiled script /Users/Robert/Desktop/HandDrawn/common/gui/profiles.cs.
Loading compiled script /Users/Robert/Desktop/HandDrawn/common/gui/cursors.cs.
Loading compiled script /Users/Robert/Desktop/HandDrawn/common/gui/messageBoxOk.gui.
Loading compiled script /Users/Robert/Desktop/HandDrawn/common/gui/messageBoxYesNo.gui.
Loading compiled script /Users/Robert/Desktop/HandDrawn/common/gui/messageBoxYesNoCancel.gui.
Loading compiled script /Users/Robert/Desktop/HandDrawn/common/gui/messageBoxOKCancel.gui.
Loading compiled script /Users/Robert/Desktop/HandDrawn/common/gui/messageBoxOKCancelDetailsDlg.gui.
Loading compiled script /Users/Robert/Desktop/HandDrawn/common/gui/messagePopup.gui.
Loading compiled script /Users/Robert/Desktop/HandDrawn/common/gui/options.gui.
Loading compiled script /Users/Robert/Desktop/HandDrawn/common/gui/remap.gui.
Loading compiled script /Users/Robert/Desktop/HandDrawn/common/gui/console.gui.
Loading compiled script /Users/Robert/Desktop/HandDrawn/common/gui/NetworkMenu.gui.
Loading compiled script /Users/Robert/Desktop/HandDrawn/common/gui/startServer.gui.
Loading compiled script /Users/Robert/Desktop/HandDrawn/common/gui/joinServer.gui.
Loading compiled script /Users/Robert/Desktop/HandDrawn/common/gui/waitingForServer.gui.
Loading compiled script /Users/Robert/Desktop/HandDrawn/common/gui/helpDlg.gui.
Loading compiled script /Users/Robert/Desktop/HandDrawn/common/gui/messageBox.cs.
Loading compiled script /Users/Robert/Desktop/HandDrawn/common/gui/help.cs.
Loading compiled script /Users/Robert/Desktop/HandDrawn/common/gui/chatGui.gui.
Loading compiled script /Users/Robert/Desktop/HandDrawn/common/gameScripts/screenshot.cs.
Loading compiled script /Users/Robert/Desktop/HandDrawn/common/gameScripts/metrics.cs.
Loading compiled script /Users/Robert/Desktop/HandDrawn/common/Gui/FrameOverlayGui.gui.
Loading compiled script /Users/Robert/Desktop/HandDrawn/common/gameScripts/scriptDoc.cs.
Loading compiled script /Users/Robert/Desktop/HandDrawn/common/gameScripts/keybindings.cs.
Loading compiled script /Users/Robert/Desktop/HandDrawn/common/gameScripts/options.cs.
Loading compiled script /Users/Robert/Desktop/HandDrawn/common/gameScripts/levelManagement.cs.
Loading compiled script /Users/Robert/Desktop/HandDrawn/common/gameScripts/projectManagement.cs.
Loading compiled script /Users/Robert/Desktop/HandDrawn/common/gameScripts/projectResources.cs.
Loading compiled script /Users/Robert/Desktop/HandDrawn/common/gameScripts/align.cs.
Loading compiled script /Users/Robert/Desktop/HandDrawn/common/gameScripts/client/client.cs.
Loading compiled script /Users/Robert/Desktop/HandDrawn/common/gameScripts/client/message.cs.
Loading compiled script /Users/Robert/Desktop/HandDrawn/common/gameScripts/client/serverConnection.cs.
Loading compiled script /Users/Robert/Desktop/HandDrawn/common/gameScripts/client/chatClient.cs.
Loading compiled script /Users/Robert/Desktop/HandDrawn/common/gameScripts/server/server.cs.
Loading compiled script /Users/Robert/Desktop/HandDrawn/common/gameScripts/server/message.cs.
Loading compiled script /Users/Robert/Desktop/HandDrawn/common/gameScripts/server/clientConnection.cs.
Loading compiled script /Users/Robert/Desktop/HandDrawn/common/gameScripts/server/kickban.cs.
Loading compiled script /Users/Robert/Desktop/HandDrawn/common/gameScripts/server/chatServer.cs.

Torque Game Builder (v1.7.5) initialized...
Loading compiled script /Users/Robert/Desktop/HandDrawn/resources/particlesArt/resourceDatabase.cs.
 % Game Resources : Loaded Resource particlesArt
Loading compiled script /Users/Robert/Desktop/HandDrawn/resources/PlatformerArt/resourceDatabase.cs.
t2dImageMapDatablock::calculateCellImageMap() - Invalid Cell Height of 128.
ImageMap(stuff_mushroomImageMap)SrcBitmap(resources/PlatformerArt/data/images/Misc/stuff_mushroom.png) Error: 'Invalid CELL Dimension!' (15)
t2dAnimationDatablock::onAdd() - ImageMap Datablock is invalid, cannot create animation! (stuff_mushroomImageMap)
resources/PlatformerArt/resourceDatabase.cs (0): Register object failed for object mushroomBounceAnimation of class t2dAnimationDatablock.
Loading compiled script /Users/Robert/Desktop/HandDrawn/resources/PlatformerArt/AudioData.cs.
Loading compiled script /Users/Robert/Desktop/HandDrawn/resources/PlatformerArt/CavemanData.cs.
Loading compiled script /Users/Robert/Desktop/HandDrawn/resources/PlatformerArt/DragonData.cs.
t2dAnimationDatablock::calculateAnimation() - Skipping invalid frame #4 for animation (DragonJump_to_FallAnimation) using imageMap (DragonJump_to_FallImageMap) which only has frame(s) #0 to #3!
Loading compiled script /Users/Robert/Desktop/HandDrawn/resources/PlatformerArt/DrillData.cs.
t2dAnimationDatablock::onAdd() - ImageMap Datablock is invalid, cannot create animation! (UNKNOWN!)
resources/PlatformerArt/DrillData.cs (137): Register object failed for object DrillFallAnimation of class t2dAnimationDatablock.
t2dImageMapDatablock::calculateCellImageMap() - Invalid Cell OffsetY(0)/Height(500)/CountY(3); off bitmap bottom-side.
ImageMap(DrillRollImageMap)SrcBitmap(resources/PlatformerArt/data/images/Drill/Drill_roll.png) Error: 'Invalid CELL Capture!' (17)
t2dAnimationDatablock::onAdd() - ImageMap Datablock is invalid, cannot create animation! (DrillRollImageMap)
resources/PlatformerArt/DrillData.cs (0): Register object failed for object DrillIdleAnimation of class t2dAnimationDatablock.
Loading compiled script /Users/Robert/Desktop/HandDrawn/resources/PlatformerArt/BoomBotData.cs.
Loading compiled script /Users/Robert/Desktop/HandDrawn/game/data/shapes/players/BoomBot/BoomBot.cs.
Sequence import failed:  sequence node "Bip01 Pelvis" not found in base shape.
game/data/shapes/players/BoomBot/BoomBot.cs (0): preload failed for BoomBotDts: Load sequence game/data/shapes/players/animations/player_root.dsq root failed for game/data/shapes/players/BoomBot/BoomBot.dts.
 % Game Resources : Loaded Resource PlatformerArt
Loading compiled script /Users/Robert/Desktop/HandDrawn/resources/starterArt/resourceDatabase.cs.
 % Game Resources : Loaded Resource starterArt
Loading compiled script /Users/Robert/Desktop/HandDrawn/game/managed/datablocks.cs.
t2dAnimationDatablock::calculateAnimation() - Skipping invalid frame #1 for animation (goldeggAnimation2) using imageMap (goldeggImageMap) which only has frame(s) #0 to #0!
t2dAnimationDatablock::calculateAnimation() - Skipping invalid frame #2 for animation (goldeggAnimation2) using imageMap (goldeggImageMap) which only has frame(s) #0 to #0!
ImageMap(KingImageMap)SrcBitmap(/Users/Robert/Desktop/Idle - Frame 1.png) Error: 'Invalid Bitmap File!' (2)
Loading compiled script /Users/Robert/Desktop/HandDrawn/game/managed/persistent.cs.
Loading compiled script /Users/Robert/Desktop/HandDrawn/game/managed/brushes.cs.
Loading compiled script /Users/Robert/Desktop/HandDrawn/game/gameScripts/datablocks.cs.
Compiling /Users/Robert/Desktop/HandDrawn/game/behaviors/WaypointMoverBehavior.cs...
creating path /Users/Robert/Desktop/HandDrawn/game/behaviors/WaypointMoverBehavior.cs.dso
Compiling /Users/Robert/Desktop/HandDrawn/game/behaviors/WarpBehavior.cs...
creating path /Users/Robert/Desktop/HandDrawn/game/behaviors/WarpBehavior.cs.dso
Compiling /Users/Robert/Desktop/HandDrawn/game/behaviors/TuftBehavior.cs...
creating path /Users/Robert/Desktop/HandDrawn/game/behaviors/TuftBehavior.cs.dso
Compiling /Users/Robert/Desktop/HandDrawn/game/behaviors/triggerExecuteBehavior.cs...
creating path /Users/Robert/Desktop/HandDrawn/game/behaviors/triggerExecuteBehavior.cs.dso
Compiling /Users/Robert/Desktop/HandDrawn/game/behaviors/TrampolineBehavior.cs...
creating path /Users/Robert/Desktop/HandDrawn/game/behaviors/TrampolineBehavior.cs.dso
Compiling /Users/Robert/Desktop/HandDrawn/game/behaviors/TractionPowerupBehavior.cs...
creating path /Users/Robert/Desktop/HandDrawn/game/behaviors/TractionPowerupBehavior.cs.dso
Compiling /Users/Robert/Desktop/HandDrawn/game/behaviors/timerShoots.cs...
creating path /Users/Robert/Desktop/HandDrawn/game/behaviors/timerShoots.cs.dso
Compiling /Users/Robert/Desktop/HandDrawn/game/behaviors/SwimmingZoneBehavior.cs...
creating path /Users/Robert/Desktop/HandDrawn/game/behaviors/SwimmingZoneBehavior.cs.dso
Compiling /Users/Robert/Desktop/HandDrawn/game/behaviors/splashScreen.cs...
creating path /Users/Robert/Desktop/HandDrawn/game/behaviors/splashScreen.cs.dso
Compiling /Users/Robert/Desktop/HandDrawn/game/behaviors/SpeedPowerupBehavior.cs...
creating path /Users/Robert/Desktop/HandDrawn/game/behaviors/SpeedPowerupBehavior.cs.dso
Compiling /Users/Robert/Desktop/HandDrawn/game/behaviors/SpawnPointBehavior.cs...
creating path /Users/Robert/Desktop/HandDrawn/game/behaviors/SpawnPointBehavior.cs.dso
Compiling /Users/Robert/Desktop/HandDrawn/game/behaviors/SoundTriggerBehavior.cs...
creating path /Users/Robert/Desktop/HandDrawn/game/behaviors/SoundTriggerBehavior.cs.dso
Compiling /Users/Robert/Desktop/HandDrawn/game/behaviors/ShrinkPowerupBehavior.cs...
creating path /Users/Robert/Desktop/HandDrawn/game/behaviors/ShrinkPowerupBehavior.cs.dso
Compiling /Users/Robert/Desktop/HandDrawn/game/behaviors/Scale.cs...
creating path /Users/Robert/Desktop/HandDrawn/game/behaviors/Scale.cs.dso
Compiling /Users/Robert/Desktop/HandDrawn/game/behaviors/RespPowerupBehavior.cs...
creating path /Users/Robert/Desktop/HandDrawn/game/behaviors/RespPowerupBehavior.cs.dso
Compiling /Users/Robert/Desktop/HandDrawn/game/behaviors/PlatformTriggerBehavior.cs...
creating path /Users/Robert/Desktop/HandDrawn/game/behaviors/PlatformTriggerBehavior.cs.dso
Compiling /Users/Robert/Desktop/HandDrawn/game/behaviors/PlatformTimerBehavior.cs...
creating path /Users/Robert/Desktop/HandDrawn/game/behaviors/PlatformTimerBehavior.cs.dso
Compiling /Users/Robert/Desktop/HandDrawn/game/behaviors/PlatformBehavior.cs...
creating path /Users/Robert/Desktop/HandDrawn/game/behaviors/PlatformBehavior.cs.dso
Compiling /Users/Robert/Desktop/HandDrawn/game/behaviors/PineConePickupBehavior.cs...
creating path /Users/Robert/Desktop/HandDrawn/game/behaviors/PineConePickupBehavior.cs.dso
Compiling /Users/Robert/Desktop/HandDrawn/game/behaviors/PickupBehavior.cs...
creating path /Users/Robert/Desktop/HandDrawn/game/behaviors/PickupBehavior.cs.dso
Compiling /Users/Robert/Desktop/HandDrawn/game/behaviors/PepperPickupBehavior.cs...
creating path /Users/Robert/Desktop/HandDrawn/game/behaviors/PepperPickupBehavior.cs.dso
Compiling /Users/Robert/Desktop/HandDrawn/game/behaviors/ParallaxBehavior.cs...
creating path /Users/Robert/Desktop/HandDrawn/game/behaviors/ParallaxBehavior.cs.dso
Compiling /Users/Robert/Desktop/HandDrawn/game/behaviors/MusicTriggerBehavior.cs...
creating path /Users/Robert/Desktop/HandDrawn/game/behaviors/MusicTriggerBehavior.cs.dso
Compiling /Users/Robert/Desktop/HandDrawn/game/behaviors/moveToward.cs...
creating path /Users/Robert/Desktop/HandDrawn/game/behaviors/moveToward.cs.dso
Compiling /Users/Robert/Desktop/HandDrawn/game/behaviors/mouseOverGrow.cs...
creating path /Users/Robert/Desktop/HandDrawn/game/behaviors/mouseOverGrow.cs.dso
Compiling /Users/Robert/Desktop/HandDrawn/game/behaviors/LifePickupBehavior.cs...
creating path /Users/Robert/Desktop/HandDrawn/game/behaviors/LifePickupBehavior.cs.dso
Compiling /Users/Robert/Desktop/HandDrawn/game/behaviors/LevelCompleteBehavior.cs...
creating path /Users/Robert/Desktop/HandDrawn/game/behaviors/LevelCompleteBehavior.cs.dso
Compiling /Users/Robert/Desktop/HandDrawn/game/behaviors/LadderBehavior.cs...
creating path /Users/Robert/Desktop/HandDrawn/game/behaviors/LadderBehavior.cs.dso
Compiling /Users/Robert/Desktop/HandDrawn/game/behaviors/HeartRegenerationPowerupBehavior.cs...
creating path /Users/Robert/Desktop/HandDrawn/game/behaviors/HeartRegenerationPowerupBehavior.cs.dso
Compiling /Users/Robert/Desktop/HandDrawn/game/behaviors/GravityTriggerBehavior.cs...
creating path /Users/Robert/Desktop/HandDrawn/game/behaviors/GravityTriggerBehavior.cs.dso
Compiling /Users/Robert/Desktop/HandDrawn/game/behaviors/GeneralMusicTriggerBehavior.cs...
creating path /Users/Robert/Desktop/HandDrawn/game/behaviors/GeneralMusicTriggerBehavior.cs.dso
Compiling /Users/Robert/Desktop/HandDrawn/game/behaviors/FoodPickupBehavior.cs...
creating path /Users/Robert/Desktop/HandDrawn/game/behaviors/FoodPickupBehavior.cs.dso
Compiling /Users/Robert/Desktop/HandDrawn/game/behaviors/FallingPlatformBehavior.cs...
creating path /Users/Robert/Desktop/HandDrawn/game/behaviors/FallingPlatformBehavior.cs.dso
Compiling /Users/Robert/Desktop/HandDrawn/game/behaviors/faceObjectBehavior.cs...
creating path /Users/Robert/Desktop/HandDrawn/game/behaviors/faceObjectBehavior.cs.dso
Compiling /Users/Robert/Desktop/HandDrawn/game/behaviors/EnemyTurnBehavior.cs...
creating path /Users/Robert/Desktop/HandDrawn/game/behaviors/EnemyTurnBehavior.cs.dso
Compiling /Users/Robert/Desktop/HandDrawn/game/behaviors/DippingPlatformBehavior.cs...
creating path /Users/Robert/Desktop/HandDrawn/game/behaviors/DippingPlatformBehavior.cs.dso
Compiling /Users/Robert/Desktop/HandDrawn/game/behaviors/dealsDamage.cs...
creating path /Users/Robert/Desktop/HandDrawn/game/behaviors/dealsDamage.cs.dso
Compiling /Users/Robert/Desktop/HandDrawn/game/behaviors/ControllerBehavior.cs...
creating path /Users/Robert/Desktop/HandDrawn/game/behaviors/ControllerBehavior.cs.dso
Compiling /Users/Robert/Desktop/HandDrawn/game/behaviors/CompassBehavior.cs...
creating path /Users/Robert/Desktop/HandDrawn/game/behaviors/CompassBehavior.cs.dso
Compiling /Users/Robert/Desktop/HandDrawn/game/behaviors/collisionParticles.cs...
creating path /Users/Robert/Desktop/HandDrawn/game/behaviors/collisionParticles.cs.dso
Compiling /Users/Robert/Desktop/HandDrawn/game/behaviors/CheckPointPickupBehavior.cs...
creating path /Users/Robert/Desktop/HandDrawn/game/behaviors/CheckPointPickupBehavior.cs.dso
Compiling /Users/Robert/Desktop/HandDrawn/game/behaviors/CameraResizeBehavior.cs...
creating path /Users/Robert/Desktop/HandDrawn/game/behaviors/CameraResizeBehavior.cs.dso
Compiling /Users/Robert/Desktop/HandDrawn/game/behaviors/BlurbBehavior.cs...
creating path /Users/Robert/Desktop/HandDrawn/game/behaviors/BlurbBehavior.cs.dso
Compiling /Users/Robert/Desktop/HandDrawn/game/behaviors/attachPath.cs...
creating path /Users/Robert/Desktop/HandDrawn/game/behaviors/attachPath.cs.dso
Compiling /Users/Robert/Desktop/HandDrawn/game/behaviors/AreaDamageBehavior.cs...
creating path /Users/Robert/Desktop/HandDrawn/game/behaviors/AreaDamageBehavior.cs.dso
Compiling /Users/Robert/Desktop/HandDrawn/game/behaviors/AIControllerBehavior.cs...
creating path /Users/Robert/Desktop/HandDrawn/game/behaviors/AIControllerBehavior.cs.dso
Compiling /Users/Robert/Desktop/HandDrawn/game/behaviors/ActorSpeedBehavior.cs...
creating path /Users/Robert/Desktop/HandDrawn/game/behaviors/ActorSpeedBehavior.cs.dso
Loading compiled script /Users/Robert/Desktop/HandDrawn/game/behaviors/WaypointMoverBehavior.cs.
Loading compiled script /Users/Robert/Desktop/HandDrawn/game/behaviors/WarpBehavior.cs.
Loading compiled script /Users/Robert/Desktop/HandDrawn/game/behaviors/TuftBehavior.cs.
Loading compiled script /Users/Robert/Desktop/HandDrawn/game/behaviors/triggerExecuteBehavior.cs.
Loading compiled script /Users/Robert/Desktop/HandDrawn/game/behaviors/TrampolineBehavior.cs.
Loading compiled script /Users/Robert/Desktop/HandDrawn/game/behaviors/TractionPowerupBehavior.cs.
Loading compiled script /Users/Robert/Desktop/HandDrawn/game/behaviors/timerShoots.cs.
Loading compiled script /Users/Robert/Desktop/HandDrawn/game/behaviors/SZDeactivateBehavior.cs.
Loading compiled script /Users/Robert/Desktop/HandDrawn/game/behaviors/SwimmingZoneBehavior.cs.
Loading compiled script /Users/Robert/Desktop/HandDrawn/game/behaviors/splashScreen.cs.
Loading compiled script /Users/Robert/Desktop/HandDrawn/game/behaviors/SpeedPowerupBehavior.cs.
Loading compiled script /Users/Robert/Desktop/HandDrawn/game/behaviors/SpawnPointBehavior.cs.
Loading compiled script /Users/Robert/Desktop/HandDrawn/game/behaviors/SoundTriggerBehavior.cs.
Loading compiled script /Users/Robert/Desktop/HandDrawn/game/behaviors/ShrinkPowerupBehavior.cs.
Loading compiled script /Users/Robert/Desktop/HandDrawn/game/behaviors/Scale.cs.
Loading compiled script /Users/Robert/Desktop/HandDrawn/game/behaviors/RespPowerupBehavior.cs.
Loading compiled script /Users/Robert/Desktop/HandDrawn/game/behaviors/PlatformTriggerBehavior.cs.
Loading compiled script /Users/Robert/Desktop/HandDrawn/game/behaviors/PlatformTimerBehavior.cs.
Loading compiled script /Users/Robert/Desktop/HandDrawn/game/behaviors/PlatformBehavior.cs.
Loading compiled script /Users/Robert/Desktop/HandDrawn/game/behaviors/PineConePickupBehavior.cs.
Loading compiled script /Users/Robert/Desktop/HandDrawn/game/behaviors/PickupBehavior.cs.
Loading compiled script /Users/Robert/Desktop/HandDrawn/game/behaviors/PepperPickupBehavior.cs.
Loading compiled script /Users/Robert/Desktop/HandDrawn/game/behaviors/ParallaxBehavior.cs.
Loading compiled script /Users/Robert/Desktop/HandDrawn/game/behaviors/MusicTriggerBehavior.cs.
Loading compiled script /Users/Robert/Desktop/HandDrawn/game/behaviors/moveToward.cs.
Loading compiled script /Users/Robert/Desktop/HandDrawn/game/behaviors/mouseOverGrow.cs.
Loading compiled script /Users/Robert/Desktop/HandDrawn/game/behaviors/LifePickupBehavior.cs.
Loading compiled script /Users/Robert/Desktop/HandDrawn/game/behaviors/LevelCompleteBehavior.cs.
Loading compiled script /Users/Robert/Desktop/HandDrawn/game/behaviors/LadderBehavior.cs.
Loading compiled script /Users/Robert/Desktop/HandDrawn/game/behaviors/HeartRegenerationPowerupBehavior.cs.
Loading compiled script /Users/Robert/Desktop/HandDrawn/game/behaviors/GravityTriggerBehavior.cs.
Loading compiled script /Users/Robert/Desktop/HandDrawn/game/behaviors/GeneralMusicTriggerBehavior.cs.
Loading compiled script /Users/Robert/Desktop/HandDrawn/game/behaviors/FoodPickupBehavior.cs.
Loading compiled script /Users/Robert/Desktop/HandDrawn/game/behaviors/FallingPlatformBehavior.cs.
Loading compiled script /Users/Robert/Desktop/HandDrawn/game/behaviors/faceObjectBehavior.cs.
Loading compiled script /Users/Robert/Desktop/HandDrawn/game/behaviors/EnemyTurnBehavior.cs.
Loading compiled script /Users/Robert/Desktop/HandDrawn/game/behaviors/DippingPlatformBehavior.cs.
Loading compiled script /Users/Robert/Desktop/HandDrawn/game/behaviors/dealsDamage.cs.
Loading compiled script /Users/Robert/Desktop/HandDrawn/game/behaviors/ControllerBehavior.cs.
Loading compiled script /Users/Robert/Desktop/HandDrawn/game/behaviors/CompassBehavior.cs.
Loading compiled script /Users/Robert/Desktop/HandDrawn/game/behaviors/collisionParticles.cs.
Loading compiled script /Users/Robert/Desktop/HandDrawn/game/behaviors/CheckPointPickupBehavior.cs.
game/behaviors/CheckPointPickupBehavior.cs (200): Unable to instantiate non-conobject class SpawnSphere.
game/behaviors/CheckPointPickupBehavior.cs (200): Unable to instantiate non-conobject class SpawnSphere.
game/behaviors/CheckPointPickupBehavior.cs (207): Unable to instantiate non-conobject class Trigger.
game/behaviors/CheckPointPickupBehavior.cs (0): Unable to instantiate non-conobject class Trigger.
Loading compiled script /Users/Robert/Desktop/HandDrawn/game/behaviors/CameraResizeBehavior.cs.
game/behaviors/CameraResizeBehavior.cs (20): Unable to find object: '' attempting to call function 'getSceneGraph'
Loading compiled script /Users/Robert/Desktop/HandDrawn/game/behaviors/BlurbBehavior.cs.
Loading compiled script /Users/Robert/Desktop/HandDrawn/game/behaviors/attachPath.cs.
Loading compiled script /Users/Robert/Desktop/HandDrawn/game/behaviors/AreaDamageBehavior.cs.
Loading compiled script /Users/Robert/Desktop/HandDrawn/game/behaviors/AIControllerBehavior.cs.
Loading compiled script /Users/Robert/Desktop/HandDrawn/game/behaviors/ActorSpeedBehavior.cs.
Loading compiled script /Users/Robert/Desktop/HandDrawn/game/gameScripts/guiProfiles.cs.
Loading compiled script /Users/Robert/Desktop/HandDrawn/game/gui/mainScreen.gui.
Loading compiled script /Users/Robert/Desktop/HandDrawn/game/gameScripts/game.cs.
game/gameScripts/game.cs (23): Unable to find function enableJoystick
Loading compiled script /Users/Robert/Desktop/HandDrawn/game/gameScripts/GameMethods.cs.
Loading compiled script /Users/Robert/Desktop/HandDrawn/game/gameScripts/ObjectManager.cs.
Loading compiled script /Users/Robert/Desktop/HandDrawn/game/gameScripts/SoundManager.cs.
Loading compiled script /Users/Robert/Desktop/HandDrawn/game/gameScripts/ParallaxMethods.cs.
Loading compiled script /Users/Robert/Desktop/HandDrawn/game/gameScripts/ActionScripts.cs.
Loading compiled script /Users/Robert/Desktop/HandDrawn/game/gameScripts/Weapons/WeaponData.cs.
Loading compiled script /Users/Robert/Desktop/HandDrawn/game/gameScripts/Weapons/ProjectileMethods.cs.
Loading compiled script /Users/Robert/Desktop/HandDrawn/game/gameScripts/Weapons/FrozenPineConeLauncher.cs.
Loading compiled script /Users/Robert/Desktop/HandDrawn/game/gameScripts/Weapons/PoisenedPineConeLauncher.cs.
Loading compiled script /Users/Robert/Desktop/HandDrawn/game/gameScripts/Weapons/BurningPineConeLauncher.cs.
Loading compiled script /Users/Robert/Desktop/HandDrawn/game/gameScripts/Weapons/PineConeLauncher.cs.
Loading compiled script /Users/Robert/Desktop/HandDrawn/game/gameScripts/Weapons/Multis/MultiPineConeLauncher.cs.
Loading compiled script /Users/Robert/Desktop/HandDrawn/game/gameScripts/Weapons/Multis/MultiFrozenPineConeLauncher.cs.
Loading compiled script /Users/Robert/Desktop/HandDrawn/game/gameScripts/Weapons/Multis/MultiBurningPineConeLauncher.cs.
Loading compiled script /Users/Robert/Desktop/HandDrawn/game/gameScripts/Weapons/Multis/MultiPoisonedPineConeLauncher.cs.
Loading compiled script /Users/Robert/Desktop/HandDrawn/game/gameScripts/Weapons/FireBallLauncher.cs.
Loading compiled script /Users/Robert/Desktop/HandDrawn/game/gameScripts/Weapons/BombLauncher.cs.
Loading compiled script /Users/Robert/Desktop/HandDrawn/game/gameScripts/Weapons/BoneLauncher.cs.
Loading compiled script /Users/Robert/Desktop/HandDrawn/game/gameScripts/Weapons/BulletWeapon.cs.
Loading compiled script /Users/Robert/Desktop/HandDrawn/game/gameScripts/Weapons/RocketLauncher.cs.
Loading compiled script /Users/Robert/Desktop/HandDrawn/game/gameScripts/Weapons/SpreadshotLauncher.cs.
Loading compiled script /Users/Robert/Desktop/HandDrawn/game/gameScripts/Weapons/SpeedshotLauncher.cs.
Loading compiled script /Users/Robert/Desktop/HandDrawn/game/gameScripts/ActorMethods.cs.
Loading compiled script /Users/Robert/Desktop/HandDrawn/game/gameScripts/BoomBotMethods.cs.
Loading compiled script /Users/Robert/Desktop/HandDrawn/game/gameScripts/PlayerMethods.cs.
Loading compiled script /Users/Robert/Desktop/HandDrawn/game/gameScripts/DrillMethods.cs.
Loading compiled script /Users/Robert/Desktop/HandDrawn/game/gameScripts/RSS/RSSFeedScript.ed.cs.
Loading compiled script /Users/Robert/Desktop/HandDrawn/game/gameScripts/RSS/RSSStructs.ed.cs.
Loading compiled script /Users/Robert/Desktop/HandDrawn/game/gameScripts/levelEditorMenu.ed.cs.
Loading compiled script /Users/Robert/Desktop/HandDrawn/game/gameScripts/TGBInsider.ed.cs.
Loading compiled script /Users/Robert/Desktop/HandDrawn/game/gameScripts/RSS/RSSStructs.ed.cs.
Missing file: /Users/Robert/Desktop/HandDrawn/game/gameScripts/LevelManagement.cs!
Loading compiled script /Users/Robert/Desktop/HandDrawn/game/gameScripts/VertMethods.cs.
Loading compiled script /Users/Robert/Desktop/HandDrawn/game/gameScripts/SubMethods.cs.
Loading compiled script /Users/Robert/Desktop/HandDrawn/game/gameScripts/LevelFunctions.cs.
Loading compiled script /Users/Robert/Desktop/HandDrawn/game/gameScripts/news.ed.cs.
Loading compiled script /Users/Robert/Desktop/HandDrawn/game/gui/TimerGui.gui.
Loading compiled script /Users/Robert/Desktop/HandDrawn/game/gameScripts/ScrapperMethods.cs.
Loading compiled script /Users/Robert/Desktop/HandDrawn/game/gameScripts/SnapperMethods.cs.
Loading compiled script /Users/Robert/Desktop/HandDrawn/game/gameScripts/InventorySystem.cs.
Loading compiled script /Users/Robert/Desktop/HandDrawn/game/gui/MouseOverlay.gui.
Loading compiled script /Users/Robert/Desktop/HandDrawn/game/gui/Database.gui.
Loading compiled script /Users/Robert/Desktop/HandDrawn/game/gui/LoadGui.gui.
Loading compiled script /Users/Robert/Desktop/HandDrawn/game/gui/TutorialOverGui.gui.
Loading compiled script /Users/Robert/Desktop/HandDrawn/game/gui/SaveGui.gui.
Loading compiled script /Users/Robert/Desktop/HandDrawn/game/gui/SceneWindow.gui.
Loading compiled script /Users/Robert/Desktop/HandDrawn/game/gui/IntroGui.gui.
Loading compiled script /Users/Robert/Desktop/HandDrawn/game/gameScripts/LevelSelect.cs.
Loading compiled script /Users/Robert/Desktop/HandDrawn/game/gameScripts/Items.cs.
Loading compiled script /Users/Robert/Desktop/HandDrawn/game/gameScripts/DefaultGameProfiles.cs.
Missing file: /Users/Robert/Desktop/HandDrawn/game/gui/sgsys.gui!
Loading compiled script /Users/Robert/Desktop/HandDrawn/game/gui/OneTryLeftGui.gui.
Loading compiled script /Users/Robert/Desktop/HandDrawn/game/gui/MenuGui.gui.
Loading compiled script /Users/Robert/Desktop/HandDrawn/game/gui/AccountFileGui.gui.
Loading compiled script /Users/Robert/Desktop/HandDrawn/game/gui/PurgeFileQuestionGui.gui.
Loading compiled script /Users/Robert/Desktop/HandDrawn/game/gui/TGBInsider.ed.gui.
Could not locate texture: ^tools/leveleditor/gui/images/TGBRSS.png
Could not locate texture: ^tools/gui/images/tgbAbout.png
Loading compiled script /Users/Robert/Desktop/HandDrawn/game/gui/TTL.gui.
Loading compiled script /Users/Robert/Desktop/HandDrawn/game/gui/ItemShop.gui.
Loading compiled script /Users/Robert/Desktop/HandDrawn/game/gui/NewInventory.gui.
Loading compiled script /Users/Robert/Desktop/HandDrawn/game/gui/TutorialGui.gui.
Loading compiled script /Users/Robert/Desktop/HandDrawn/game/gameScripts/TutorialSequence.cs.
Loading compiled script /Users/Robert/Desktop/HandDrawn/game/gameScripts/cp.cs.
Loading compiled script /Users/Robert/Desktop/HandDrawn/game/gameScripts/SaveManager.cs.
Loading compiled script /Users/Robert/Desktop/HandDrawn/game/gameScripts/SaveManagerDatablocks.cs.
Loading compiled script /Users/Robert/Desktop/HandDrawn/game/gameScripts/itemShop.cs.
Loading compiled script /Users/Robert/Desktop/HandDrawn/game/gameScripts/FinishText.cs.
Loading compiled script /Users/Robert/Desktop/HandDrawn/game/gameScripts/help/HelpDlg.gui.
Loading compiled script /Users/Robert/Desktop/HandDrawn/game/gui/NetworkLobby.gui.
Loading compiled script /Users/Robert/Desktop/HandDrawn/game/gui/Play.gui.
Loading compiled script /Users/Robert/Desktop/HandDrawn/game/gui/HurtGui.gui.
Could not locate texture: game/gui/
Loading compiled script /Users/Robert/Desktop/HandDrawn/game/gui/BadGui.gui.
Loading compiled script /Users/Robert/Desktop/HandDrawn/game/gui/GoodGui.gui.
Loading compiled script /Users/Robert/Desktop/HandDrawn/game/gui/AreYouSure2Gui.gui.
Loading compiled script /Users/Robert/Desktop/HandDrawn/game/gui/AreYouSure.gui.
Loading compiled script /Users/Robert/Desktop/HandDrawn/game/gui/RedGlow.gui.
Loading compiled script /Users/Robert/Desktop/HandDrawn/game/gui/LoadingGui.gui.
Loading compiled script /Users/Robert/Desktop/HandDrawn/game/gui/NowLoadingGui.gui.
Could not locate texture: ^tools/data/images/GUI/NewLoadingScreen.png
Loading compiled script /Users/Robert/Desktop/HandDrawn/game/gui/FinishGui.gui.
Loading compiled script /Users/Robert/Desktop/HandDrawn/game/gui/GameOverGui.gui.
Loading compiled script /Users/Robert/Desktop/HandDrawn/game/gui/TorqueSplashGui.gui.
Loading compiled script /Users/Robert/Desktop/HandDrawn/game/gui/mainScreen.gui.
Loading compiled script /Users/Robert/Desktop/HandDrawn/game/gui/BlurbOps.gui.
Loading compiled script /Users/Robert/Desktop/HandDrawn/game/gui/selectlevelgui.gui.
Loading compiled script /Users/Robert/Desktop/HandDrawn/game/gui/QuedLevelGui.gui.
Loading compiled script /Users/Robert/Desktop/HandDrawn/game/gui/CannotRead.gui.
Loading compiled script /Users/Robert/Desktop/HandDrawn/game/gui/NowSavingGui.gui.
Loading compiled script /Users/Robert/Desktop/HandDrawn/game/gui/Tutorial_IGui.gui.
Loading compiled script /Users/Robert/Desktop/HandDrawn/game/gui/PauseGame.gui.
Loading compiled script /Users/Robert/Desktop/HandDrawn/game/gameScripts/help/Help.cs.
Loading compiled script /Users/Robert/Desktop/HandDrawn/game/gameScripts/AfterImage.cs.
Loading compiled script /Users/Robert/Desktop/HandDrawn/game/gameScripts/PauseScript.cs.
Loading compiled script /Users/Robert/Desktop/HandDrawn/game/gameScripts/Tip.cs.
Loading compiled script /Users/Robert/Desktop/HandDrawn/game/gameScripts/MenuSystem/MainMenu.cs.
Missing file: /Users/Robert/Desktop/HandDrawn/game/gui/MainMenu.gui!
Loading compiled script /Users/Robert/Desktop/HandDrawn/game/gui/TitleGui.gui.
Loading compiled script /Users/Robert/Desktop/HandDrawn/game/gameScripts/MenuSystem/MenuSystem.cs.
Loading compiled script /Users/Robert/Desktop/HandDrawn/game/gameScripts/MenuSystem/PreferenceMethods.cs.
Loading compiled script /Users/Robert/Desktop/HandDrawn/game/gameScripts/MenuSystem/OptionsMenu.cs.
Loading compiled script /Users/Robert/Desktop/HandDrawn/game/gui/OptionsMenu.gui.
Missing file: /Users/Robert/Desktop/HandDrawn/game/gameScripts/WriteLoadSave.cs!
Loading compiled script /Users/Robert/Desktop/HandDrawn/game/gameScripts/ParallaxMethods.cs.
Activating the OpenGL display device...
 OpenGLDevice activating...
OpenGL driver information:
  Vendor: NVIDIA Corporation
  Renderer: NVIDIA GeForce 9400 OpenGL Engine
  Version: 2.1 NVIDIA-7.32.12
OpenGL Init: Enabled Extensions
  ARB_multitexture (Max Texture Units: 8)
  EXT_blend_color
  EXT_blend_minmax
  EXT_compiled_vertex_array
  EXT_texture_env_combine
  EXT_packed_pixels
  EXT_fog_coord
  ARB_texture_compression
  EXT_texture_compression_s3tc
  (ARB|EXT)_texture_env_add
  EXT_texture_filter_anisotropic (Max anisotropy: 16.000000)
  Vertical Sync
  ATI_FSAA
OpenGL Init: Disabled Extensions
  EXT_paletted_texture
  NV_vertex_array_range
  3DFX_texture_compression_FXT1

 set screen mode 1920 x 1200 x 32, fullscreen, force it, dont repaint
Cleaning up the display device...
Killing the texture manager...
Clearing the current AGL context...
Clearing the current drawable...
Deleting the rendering context...
Destroying the window...
>> Attempting to change display settings to fullscreen 1920x1200x32...
using display 0xb110c0
set AGL fullscreen
Cleared gl buffers
>>Number of FSAA samples is now [1].
Resurrecting the texture manager...
Max Texture Size reported as: 8192
TheoraTexture - Loading file 'game/data/video/Startup.ogv'
   Ogg logical stream ea11993 is Theora 1920x1088 29.97 fps video
      - Frame content is 1920x1080 with offset (0,0).
   Ogg logical stream ac6affe0 is Vorbis 2 channel 44100 Hz audio.
Missing file: /.hdsave!
mods/main.cs (10): Unable to find function WriteModFile
exec: invalid script file name /Users/Robert/Desktop/HandDrawn/mods/Mods.
game/gameScripts/MenuSystem/MenuSystem.cs (220): Unable to find object: 'PlayButtonTrigger' attempting to call function 'setUseMouseEvents'
game/gameScripts/MenuSystem/MenuSystem.cs (221): Unable to find object: 'QuitButtonTrigger' attempting to call function 'setUseMouseEvents'
Loading compiled script /Users/Robert/Desktop/HandDrawn/game/data/levels/MenuLevel.t2d.
==>goToLevelSelect();
Level over.
Loading compiled script /Users/Robert/Desktop/HandDrawn/game/data/levels/LevelSelect.t2d.
SFL, FN[SFL.EC] - game/data/saves/Fe.hdsdat
ForLoop 1 -- Fe
ForLoop 2!
Row... 0
Row text thing... 1. Fe
OnSelect = game/data/saves/Fe.hdsdat
OnSelect stuff... Fe
Fe
Foldername is... Fe
Executing /Users/Robert/Library/Application Support/JackRabbit Productions/HandDrawn/game/data/saves/Fe/LevelData.hdsave.
Executing /Users/Robert/Library/Application Support/JackRabbit Productions/HandDrawn/game/data/saves/Fe/InventoryData.hdsave.
Executing /Users/Robert/Library/Application Support/JackRabbit Productions/HandDrawn/game/data/saves/Fe/MiscData.hdsave.
25 25
30.000 30.000
25 25
30.000 30.000
Could not locate texture: game/data/images/Level/LevelPreviews/.png
Level2
Loading compiled script /Users/Robert/Desktop/HandDrawn/game/data/levels/Tutorial.t2d.
Loading compiled script /Users/Robert/Desktop/HandDrawn/game/data/levels/demoLevel/ParallaxHills.t2d.
Loading compiled script /Users/Robert/Desktop/HandDrawn/game/data/levels/demoLevel/ParallaxMountains.t2d.
newParallaxLayer() - Unknown level file "game/data/levels/tutorial/Parallax1.t2d"
game/gameScripts/GameMethods.cs (278): t2dSceneGraph::getSceneObject - wrong number of arguments.
game/gameScripts/GameMethods.cs (278): usage: (objectIndex) Gets the selected Scene Object.
@param objectIndex The index of the desired object
@return The ID of the object.

Unable to locate audio profile ''
pushDialog(): Invalid control: 
: Unknown command.
: Unknown command.
: Unknown command.
: Unknown command.
: Unknown command.
: Unknown command.
game/gameScripts/GameMethods.cs (314): Unable to find object: 'LevelTitle' attempting to call function 'setText'
Could not locate texture: game/gui/invisible.png_h
Could not locate texture: game/gui/invisible.png_d
Could not locate texture: game/gui/invisible.png_i
game/gameScripts/MenuSystem/MainMenu.cs (120): Unknown command onLevelLoaded.
  Object sceneWindow2D(2222) sceneWindow2D -> t2dSceneWindow -> GuiControl -> SimGroup -> SimSet -> SimObject
game/gameScripts/MenuSystem/MainMenu.cs (121): Unknown command onLevelLoaded.
  Object sceneWindow2D(2222) sceneWindow2D -> t2dSceneWindow -> GuiControl -> SimGroup -> SimSet -> SimObject
Level over.
Loading compiled script /Users/Robert/Desktop/HandDrawn/game/data/levels/Level2.t2d.
game/gameScripts/GameMethods.cs (278): t2dSceneGraph::getSceneObject - wrong number of arguments.
game/gameScripts/GameMethods.cs (278): usage: (objectIndex) Gets the selected Scene Object.
@param objectIndex The index of the desired object
@return The ID of the object.

Unable to locate audio profile ''
pushDialog(): Invalid control: 
: Unknown command.
: Unknown command.
: Unknown command.
: Unknown command.
: Unknown command.
: Unknown command.
2
game/gameScripts/GameMethods.cs (314): Unable to find object: 'LevelTitle' attempting to call function 'setText'
processBindCmd: unknown device: 
Not Swimming!
StopSwimming Method: isSwimming = 
pskActor2D::registerAnimationState() - Unable to find animation with the given name, DragonShootAnimation
pskActor2D::registerAnimationState() - Unable to find animation with the given name, DragonShootJumpAnimation
0.000 100.000
0.000 100.000
0.000 100.000
0.000 100.000
0.000 100.000
0.000 100.000
SPLOSION!!!
4851
SPLOSION!!!
4858
SPLOSION!!!
4865
SPLOSION!!!
4872
0.000 100.000
Burning pine cone detected. BURNINATE!!!
game/gameScripts/Weapons/ProjectileMethods.cs (262): Unable to find object: '' attempting to call function 'mount'
Explode2-0.458507
0.000 100.000
0.000 100.000
0.000 100.000
Could not locate texture: game/gui/
SPLOSION!!!
4942
t2dSceneObject::setLayer() - Invalid Layer '93' (0-31).
Burning pine cone detected. BURNINATE!!!
game/gameScripts/Weapons/ProjectileMethods.cs (262): Unable to find object: '' attempting to call function 'mount'
Explode11.04682
SPLOSION!!!
4972
0.000 100.000
0.000 100.000
SPLOSION!!!
5001
0.000 100.000
0.000 100.000
0.000 100.000
0.000 100.000
SPLOSION!!!
5064
Burning pine cone detected. BURNINATE!!!
game/gameScripts/Weapons/ProjectileMethods.cs (262): Unable to find object: '' attempting to call function 'mount'
Burning pine cone detected. BURNINATE!!!
Explode10.992771
game/gameScripts/Weapons/ProjectileMethods.cs (262): Unable to find object: '' attempting to call function 'mount'
Burning pine cone detected. BURNINATE!!!
game/gameScripts/Weapons/ProjectileMethods.cs (262): Unable to find object: '' attempting to call function 'mount'
SPLOSION!!!
5096
Explode2-0.325067
SPLOSION!!!
5125
Could not locate texture: game/gui/
Explode21.20892
SPLOSION!!!
5155
SPLOSION!!!
5162
Explode11.22782
SPLOSION!!!
5173
SPLOSION!!!
5187
SPLOSION!!!
5218
SPLOSION!!!
5246
Could not locate texture: game/gui/
t2dSceneObject::setLayer() - Invalid Layer '-1' (0-31).
Could not locate texture: game/gui/
Could not locate texture: game/gui/
Could not locate texture: game/gui/
Could not locate texture: game/gui/
Could not locate texture: game/gui/
Could not locate texture: game/gui/
Could not locate texture: game/gui/
 has left the trigger.
t2dSceneObject::setLayer() - Invalid Layer '-1' (0-31).
t2dSceneObject::setLayer() - Invalid Layer '-1' (0-31).
Swimming!
StartSwimming method gravity... 0.000 -10.000
StartSwimming Method: isSwimming = 1
Isn't swimming so POSX and POSY = 0 -1.5. State is: runfall
Called "SZBehavior::OnLeave," checking if we have a good velocity.
41.440 IS A BAD VELOCITY!!! - SZBehavior::OnLeave
 has left the trigger.
Isn't swimming so POSX and POSY = 0 -1.5. State is: runfall
Isn't swimming so POSX and POSY = 0 -1.5. State is: idle
Isn't swimming so POSX and POSY = 0 -1.5. State is: run
Isn't swimming so POSX and POSY = 0 -1.5. State is: swim
Isn't swimming so POSX and POSY = 0 -1.5. State is: swim
Isn't swimming so POSX and POSY = 0 -1.5. State is: swim
138.031
138.031
136.975
136.975
135.957
135.957
134.979
134.979
133.128
133.128
131.324
131.324
129.568
129.568
127.865
127.865
126.215
126.215
124.623
124.623
123.107
123.107
121.674
121.674
120.324
120.324
119.061
119.061
117.889
117.889
116.813
116.813
115.82
115.82
114.913
114.913
114.099
114.099
113.38
113.38
112.763
112.763
112.215
112.215
111.694
111.694
111.199
111.199
110.733
110.733
110.299
110.299
109.895
109.895
109.525
109.525
109.19
109.19
108.892
108.892
108.631
108.631
108.409
108.409
108.229
108.229
108.092
108.092
107.999
107.999
107.964
107.964
107.993
107.993
108.087
108.087
108.243
108.243
108.461
108.461
108.741
108.741
109.082
109.082
109.482
109.482
109.941
109.941
110.457
110.457
111.029
111.029
111.655
111.655
112.335
112.335
113.067
113.067
113.849
113.849
114.681
114.681
115.56
115.56
116.486
116.486
117.456
117.456
118.47
118.47
119.525
119.525
120.62
120.62
121.754
121.754
122.926
122.926
124.134
124.134
125.376
125.376
126.651
126.651
127.958
127.958
129.296
129.296
130.663
130.663
132.059
132.059
133.481
133.481
134.929
134.929
136.402
136.402
137.897
137.897
139.416
139.416
140.955
140.955
142.516
142.516
144.095
144.095
145.694
145.694
147.31
147.31
148.943
148.943
150.593
150.593
152.257
152.257
153.937
153.937
155.629
155.629
157.335
157.335
159.039
159.039
160.74
160.74
162.438
162.438
164.129
164.129
165.811
165.811
167.484
167.484
169.147
169.147
170.8
170.8
172.442
172.442
174.074
174.074
175.691
175.691
177.298
177.298
178.89
178.89
180.469
180.469
182.034
182.034
183.584
183.584
185.12
185.12
186.641
186.641
188.145
188.145
189.634
189.634
191.106
191.106
192.562
192.562
194
194
195.422
195.422
196.828
196.828
198.214
198.214
199.583
199.583
200.934
200.934
202.267
202.267
203.582
203.582
204.878
204.878
206.155
206.155
207.413
207.413
208.652
208.652
209.874
209.874
211.074
211.074
212.256
212.256
213.418
213.418
214.561
214.561
215.684
215.684
216.788
216.788
217.872
217.872
218.936
218.936
219.98
219.98
221.005
221.005
222.009
222.009
222.974
222.974
223.523
223.523
224.054
224.054
224.567
224.567
225.062
225.062
225.54
225.54
226.001
226.001
226.444
226.444
226.871
226.871
227.281
227.281
227.674
227.674
228.05
228.05
228.411
228.411
228.756
228.756
229.083
229.083
229.397
229.397
229.693
229.693
229.975
229.975
230.242
230.242
230.494
230.494
230.73
230.73
230.953
230.953
231.162
231.162
231.356
231.356
231.536
231.536
231.703
231.703
231.888
231.888
232.093
232.093
232.317
232.317
232.561
232.561
232.825
232.825
233.111
233.111
233.418
233.418
233.746
233.746
234.097
234.097
234.471
234.471
234.868
234.868
235.289
235.289
235.734
235.734
Isn't swimming so POSX and POSY = 0 -1.5. State is: swim
236.203
236.203
236.758
236.758
237.397
237.397
238.117
238.117
238.921
238.921
239.808
239.808
240.775
240.775
241.822
241.822
242.95
242.95
244.099
244.099
245.273
245.273
246.469
246.469
247.687
247.687
248.931
248.931
250.199
250.199
251.491
251.491
252.808
252.808
254.15
254.15
255.518
255.518
256.912
256.912
258.331
258.331
259.777
259.777
261.25
261.25
262.75
262.75
264.277
264.277
265.832
265.832
267.415
267.415
269.026
269.026
270.658
270.658
272.292
272.292
273.931
273.931
275.573
275.573
277.217
277.217
278.866
278.866
280.517
280.517
282.172
282.172
283.83
283.83
285.492
285.492
287.156
287.156
288.824
288.824
290.496
290.496
Isn't swimming so POSX and POSY = 0 -1.5. State is: swim
292.17
292.17
293.892
293.892
295.659
295.659
297.471
297.471
299.326
299.326
301.224
301.224
303.164
303.164
305.103
305.103
307.042
307.042
308.979
308.979
310.916
310.916
312.852
312.852
314.787
314.787
316.722
316.722
318.655
318.655
320.589
320.589
322.522
322.522
324.454
324.454
326.386
326.386
328.317
328.317
330.248
330.248
332.179
332.179
334.109
334.109
336.039
336.039
337.968
337.968
339.896
339.896
341.825
341.825
343.572
343.572
339.741
339.741
339.916
339.916
340.086
340.086
340.253
340.253
340.398
340.398
340.52
340.52
340.622
340.622
340.702
340.702
340.76
340.76
340.797
340.797
340.812
340.812
340.807
340.807
340.78
340.78
340.732
340.732
340.663
340.663
340.572
340.572
340.462
340.462
340.33
340.33
340.178
340.178
340.005
340.005
339.811
339.811
339.598
339.598
339.365
339.365
339.111
339.111
338.838
338.838
338.544
338.544
338.232
338.232
337.9
337.9
337.548
337.548
337.177
337.177
336.787
336.787
336.379
336.379
335.952
335.952
335.506
335.506
335.042
335.042
334.559
334.559
334.06
334.06
333.543
333.543
333.008
333.008
332.454
332.454
331.884
331.884
331.298
331.298
330.694
330.694
330.074
330.074
329.438
329.438
328.785
328.785
328.117
328.117
327.434
327.434
326.736
326.736
326.022
326.022
325.293
325.293
324.551
324.551
323.794
323.794
323.024
323.024
322.24
322.24
321.485
321.485
320.758
320.758
320.062
320.062
319.396
319.396
318.76
318.76
318.155
318.155
317.54
317.54
316.917
316.917
316.283
316.283
315.639
315.639
314.988
314.988
314.327
314.327
313.66
313.66
312.985
312.985
312.303
312.303
311.614
311.614
310.963
310.963
310.348
310.348
309.773
309.773
309.236
309.236
308.738
308.738
308.237
308.237
307.735
307.735
307.23
307.23
306.724
306.724
306.218
306.218
305.713
305.713
305.207
305.207
304.703
304.703
304.201
304.201
303.701
303.701
303.204
303.204
302.694
302.694
302.172
302.172
301.635
301.635
301.086
301.086
300.527
300.527
299.957
299.957
299.376
299.376
298.787
298.787
298.19
298.19
297.584
297.584
296.972
296.972
296.355
296.355
295.732
295.732
295.105
295.105
294.476
294.476
293.843
293.843
293.21
293.21
292.576
292.576
291.943
291.943
291.311
291.311
290.702
290.702
290.113
290.113
289.546
289.546
289.004
289.004
288.53
288.53
288.125
288.125
287.789
287.789
287.524
287.524
287.331
287.331
287.209
287.209
287.158
287.158
287.183
287.183
287.28
287.28
287.453
287.453
287.701
287.701
288.024
288.024
288.423
288.423
288.899
288.899
289.451
289.451
290.04
290.04
290.665
290.665
291.327
291.327
292.028
292.028
292.766
292.766
293.545
293.545
Bad velocity on enter!
294.364
294.364
295.223
295.223
296.124
296.124
297.067
297.067
Called "SZBehavior::OnLeave," checking if we have a good velocity.
-116.480 IS A GOOD VELOCITY!!! - SZBehavior::OnLeave
Not Swimming!
StopSwimming Method: isSwimming = game/data/particles/WaterStuff.eff
 has left the trigger.
298.037
298.037
299.033
299.033
299.928
299.928
300.717
300.717
301.393
301.393
301.951
301.951
302.386
302.386
302.695
302.695
302.871
302.871
302.914
302.914
302.819
302.819
302.582
302.582
302.275
302.275
301.895
301.895
301.438
301.438
300.902
300.902
300.284
300.284
299.581
299.581
298.793
298.793
298.09
298.09
297.284
297.284
296.402
296.402
295.444
295.444
294.409
294.409
293.3
293.3
292.116
292.116
290.857
290.857
289.813
289.813
288.984
288.984
288.189
288.189
287.395
287.395
286.602
286.602
285.886
285.886
285.247
285.247
284.684
284.684
284.197
284.197
283.787
283.787
283.453
283.453
283.194
283.194
283.012
283.012
282.904
282.904
284.715
284.715
286.479
286.479
288.192
288.192
289.848
289.848
291.443
291.443
292.973
292.973
294.435
294.435
295.827
295.827
297.145
297.145
298.388
298.388
299.553
299.553
300.64
300.64
301.649
301.649
302.58
302.58
303.431
303.431
304.203
304.203
304.898
304.898
305.517
305.517
306.061
306.061
306.532
306.532
306.933
306.933
307.266
307.266
307.536
307.536
307.581
307.581
308.766
308.766
310.028
310.028
311.326
311.326
312.626
312.626
313.929
313.929
315.235
315.235
316.544
316.544
317.855
317.855
319.169
319.169
320.486
320.486
321.805
321.805
323.127
323.127
324.451
324.451
325.777
325.777
327.107
327.107
328.44
328.44
329.774
329.774
331.11
331.11
332.449
332.449
333.263
333.263
SCRAPPER BE DEAD, YO
t2dSceneObject::setLayer() - Invalid Layer '-1' (0-31).
t2dSceneObject::setLayer() - Invalid Layer '-1' (0-31).
 has left the trigger.
Burning pine cone detected. BURNINATE!!!
game/gameScripts/Weapons/ProjectileMethods.cs (262): Unable to find object: '' attempting to call function 'mount'
Burning pine cone detected. BURNINATE!!!
game/gameScripts/Weapons/ProjectileMethods.cs (262): Unable to find object: '' attempting to call function 'mount'
Burning pine cone detected. BURNINATE!!!
game/gameScripts/Weapons/ProjectileMethods.cs (262): Unable to find object: '' attempting to call function 'mount'
Burning pine cone detected. BURNINATE!!!
game/gameScripts/Weapons/ProjectileMethods.cs (262): Unable to find object: '' attempting to call function 'mount'
0.000 100.000
0.000 100.000
Unable to locate audio profile 'MultiFrozenPineconeLauncherWeaponPickupSound'
t2dSceneObject::setLayer() - Invalid Layer '-1' (0-31).
Explode2-4.51177
Explode1-4.51177
 has left the trigger.
 has left the trigger.
SPLOSION!!!
5860
SPLOSION!!!
5867
SimSet::isMember: 5731 is not an object.
SimSet::isMember: 5718 is not an object.
0.000 100.000
0.000 100.000
game/gameScripts/Weapons/ProjectileMethods.cs (300): Unable to find object: '' attempting to call function 'healDamage'
Explode11.21093
Explode11.28038
SPLOSION!!!
6089
SPLOSION!!!
6108
Could not locate texture: resources/PlatformerArt/data/images/GUI/Village
BurningPineconeLauncherWeapon
Burning pine cone detected. BURNINATE!!!
game/gameScripts/Weapons/ProjectileMethods.cs (262): Unable to find object: '' attempting to call function 'mount'
Burning pine cone detected. BURNINATE!!!
game/gameScripts/Weapons/ProjectileMethods.cs (262): Unable to find object: '' attempting to call function 'mount'
0.000 100.000
Burning pine cone detected. BURNINATE!!!
game/gameScripts/Weapons/ProjectileMethods.cs (262): Unable to find object: '' attempting to call function 'mount'
Burning pine cone detected. BURNINATE!!!
game/gameScripts/Weapons/ProjectileMethods.cs (262): Unable to find object: '' attempting to call function 'mount'
Burning pine cone detected. BURNINATE!!!
game/gameScripts/Weapons/ProjectileMethods.cs (262): Unable to find object: '' attempting to call function 'mount'
Burning pine cone detected. BURNINATE!!!
game/gameScripts/Weapons/ProjectileMethods.cs (262): Unable to find object: '' attempting to call function 'mount'
Burning pine cone detected. BURNINATE!!!
Explode20.492431
game/gameScripts/Weapons/ProjectileMethods.cs (262): Unable to find object: '' attempting to call function 'mount'
SPLOSION!!!
6325
 has left the trigger.
SimSet::isMember: 6219 is not an object.
 has left the trigger.
SimSet::isMember: 6292 is not an object.
Burning pine cone detected. BURNINATE!!!
game/gameScripts/Weapons/ProjectileMethods.cs (262): Unable to find object: '' attempting to call function 'mount'
Level over.
game/behaviors/LevelCompleteBehavior.cs (45): Unable to find object: '3233' attempting to call function 'setScenePause'
t2dStaticSprite::setImageMap() - t2dImageMapDatablock Datablock is invalid! (powImageMap)
t2dSceneObject::setLayer() - Invalid Layer '-1' (0-31).
pushDialog(): Invalid control: finishGui
game/gameScripts/PlayerMethods.cs (88): Unable to find object: 'SubTotal' attempting to call function 'setText'
game/gameScripts/PlayerMethods.cs (89): Unable to find object: 'LivesFactor' attempting to call function 'setText'
game/gameScripts/PlayerMethods.cs (90): Unable to find object: 'LevelFactor' attempting to call function 'setText'
game/gameScripts/PlayerMethods.cs (95): Unable to find object: 'TotalEarnings' attempting to call function 'setText'
